[debug] ----------------------------------------------------------------------
[debug] Command:      C:\Program Files\nodejs\node.exe C:\Users\admin1\AppData\Roaming\npm\node_modules\firebase-tools\bin\firebase deploy
[debug] CLI Version:  3.0.4
[debug] Platform:     win32
[debug] Node Version: v4.4.5
[debug] Time:         Mon Aug 29 2016 18:44:34 GMT+0530 (India Standard Time)
[debug] ----------------------------------------------------------------------
[debug] 
[warn] !  "firebase" key in firebase.json is deprecated. Run firebase use --add instead
[warn] !  Deprecation Warning: Firebase Hosting configuration should be moved under "hosting" key.
[debug] > command requires scopes: ["email","openid","https://www.googleapis.com/auth/cloudplatformprojects.readonly","https://www.googleapis.com/auth/firebase"]
[debug] > refreshing access token with scopes: ["email","https://www.googleapis.com/auth/cloudplatformprojects.readonly","https://www.googleapis.com/auth/firebase","openid"]
[debug] >>> HTTP REQUEST POST https://www.googleapis.com/oauth2/v3/token
[debug] <<< HTTP RESPONSE 200
[debug] >>> HTTP REQUEST GET https://admin.firebase.com/v1/projects/myequitrack 
[debug] <<< HTTP RESPONSE 200
[debug] >>> HTTP REQUEST GET https://admin.firebase.com/v1/database/myequitrack/tokens 
[debug] <<< HTTP RESPONSE 200
[info] 
[info] === Deploying to 'myequitrack'...
[info] 
[info] i  deploying hosting
[info] +  database: rules ready to deploy.
[info] i  hosting: preparing ./ directory for upload...
[debug] >>> HTTP REQUEST PUT https://deploy.firebase.com/v1/hosting/myequitrack/uploads/-KQLR14CJbF6EPT1ydFz?fileCount=315&message= 
[debug] Error: getaddrinfo EAI_AGAIN deploy.firebase.com:443
    at Object.exports._errnoException (util.js:870:11)
    at errnoException (dns.js:32:15)
    at GetAddrInfoReqWrap.onlookup [as oncomplete] (dns.js:78:26)
[error] 
[error] Error: Server Error. Please try again in a few minutes.
[debug] ----------------------------------------------------------------------
[debug] Command:      C:\Program Files\nodejs\node.exe C:\Users\admin1\AppData\Roaming\npm\node_modules\firebase-tools\bin\firebase deploy
[debug] CLI Version:  3.0.4
[debug] Platform:     win32
[debug] Node Version: v4.4.5
[debug] Time:         Mon Aug 29 2016 18:46:57 GMT+0530 (India Standard Time)
[debug] ----------------------------------------------------------------------
[debug] 
[warn] !  "firebase" key in firebase.json is deprecated. Run firebase use --add instead
[warn] !  Deprecation Warning: Firebase Hosting configuration should be moved under "hosting" key.
[debug] > command requires scopes: ["email","openid","https://www.googleapis.com/auth/cloudplatformprojects.readonly","https://www.googleapis.com/auth/firebase"]
[debug] >>> HTTP REQUEST GET https://admin.firebase.com/v1/projects/myequitrack 
[debug] <<< HTTP RESPONSE 200
[debug] >>> HTTP REQUEST GET https://admin.firebase.com/v1/database/myequitrack/tokens 
[debug] <<< HTTP RESPONSE 200
[info] 
[info] === Deploying to 'myequitrack'...
[info] 
[info] i  deploying hosting
[info] +  database: rules ready to deploy.
[info] i  hosting: preparing ./ directory for upload...
[debug] >>> HTTP REQUEST PUT https://deploy.firebase.com/v1/hosting/myequitrack/uploads/-KQLRYJtLUQPCTlgWDMm?fileCount=315&message= 
[debug] Error: getaddrinfo EAI_AGAIN deploy.firebase.com:443
    at Object.exports._errnoException (util.js:870:11)
    at errnoException (dns.js:32:15)
    at GetAddrInfoReqWrap.onlookup [as oncomplete] (dns.js:78:26)
[error] 
[error] Error: Server Error. Please try again in a few minutes.
[debug] ----------------------------------------------------------------------
[debug] Command:      C:\Program Files\nodejs\node.exe C:\Users\admin1\AppData\Roaming\npm\node_modules\firebase-tools\bin\firebase serve
[debug] CLI Version:  3.0.4
[debug] Platform:     win32
[debug] Node Version: v4.4.5
[debug] Time:         Mon Aug 29 2016 18:53:35 GMT+0530 (India Standard Time)
[debug] ----------------------------------------------------------------------
[debug] 
[warn] !  "firebase" key in firebase.json is deprecated. Run firebase use --add instead
[warn] !  Deprecation Warning: Firebase Hosting configuration should be moved under "hosting" key.
[info] Starting Firebase development server...
[info] 
[info] Project Directory: E:\GitRepo\equi789
[info] Public Directory: ./
[info] 
[info] Server listening at: http://localhost:5000
